<?xml version="1.0" encoding="UTF-8"?>
<!-- Generated by org.testng.reporters.JUnitXMLReporter -->
<testsuite hostname="LAPTOP-PL6EGF9T" ignored="0" name="Youtube test" tests="2" failures="1" timestamp="03 Jul 2021 11:22:56 GMT" time="0.014" errors="0">
  <testcase name="Youtubeerror" time="0.0" classname="TestNGpractise.TestNgdemo">
    <failure type="org.testng.TestNGException" message="
Parameter &amp;apos;userLname&amp;apos; is required by @Test on method Youtubeerror but has not been marked @Optional or defined
in C:\Users\Shyam\workspace\MyFirstProject\GroupTestNG.xml">
      <![CDATA[org.testng.TestNGException: 
Parameter 'userLname' is required by @Test on method Youtubeerror but has not been marked @Optional or defined
in C:\Users\Shyam\workspace\MyFirstProject\GroupTestNG.xml
... Removed 25 stack frames]]>
    </failure>
  </testcase> <!-- Youtubeerror -->
  <testcase name="Youtubelogin" time="0.0" classname="TestNGpractise.TestNgdemo">
    <skipped/>
  </testcase> <!-- Youtubelogin -->
</testsuite> <!-- Youtube test -->
