<?xml version="1.0" encoding="UTF-8"?>
<testng-results ignored="0" total="1" passed="1" failed="0" skipped="0">
  <reporter-output>
  </reporter-output>
  <suite started-at="2021-07-07T22:45:38 IST" name="Default suite" finished-at="2021-07-07T22:46:20 IST" duration-ms="42367">
    <groups>
    </groups>
    <test started-at="2021-07-07T22:45:38 IST" name="Default test" finished-at="2021-07-07T22:46:20 IST" duration-ms="42367">
      <class name="com.rediff.datepicker.Datepickertryrediff">
        <test-method signature="datepicker()[pri:0, instance:com.rediff.datepicker.Datepickertryrediff@74455848]" started-at="2021-07-07T22:45:38 IST" name="datepicker" finished-at="2021-07-07T22:46:20 IST" duration-ms="42238" status="PASS">
          <reporter-output>
          </reporter-output>
        </test-method> <!-- datepicker -->
      </class> <!-- com.rediff.datepicker.Datepickertryrediff -->
    </test> <!-- Default test -->
  </suite> <!-- Default suite -->
</testng-results>
