<?xml version="1.0" encoding="UTF-8"?>
<!-- Generated by org.testng.reporters.JUnitXMLReporter -->
<testsuite hostname="LAPTOP-PL6EGF9T" ignored="0" name="Listener testng practise" tests="4" failures="1" timestamp="04 Jul 2021 06:26:14 GMT" time="0.099" errors="0">
  <testcase name="Testone" time="0.021" classname="com.Shyam.Listenerstestng.Listenerpractise">
    <failure type="java.lang.AssertionError" message="expected [7] but found [5]">
      <![CDATA[java.lang.AssertionError: expected [7] but found [5]
at com.Shyam.Listenerstestng.Listenerpractise.Testone(Listenerpractise.java:10)
... Removed 31 stack frames]]>
    </failure>
  </testcase> <!-- Testone -->
  <testcase name="Testthree" time="0.004" classname="com.Shyam.Listenerstestng.Listenerpractise"/>
  <testcase name="Testthree" time="0.003" classname="com.Shyam.Listenerstestng.Listenerpractise"/>
  <testcase name="Testtwo" time="0.004" classname="com.Shyam.Listenerstestng.Listenerpractise">
    <skipped/>
  </testcase> <!-- Testtwo -->
</testsuite> <!-- Listener testng practise -->
